Traceback (most recent call last):
  File "/Users/administrator/opt/anaconda3/lib/python3.9/site-packages/jupyter_cache/executors/utils.py", line 51, in single_nb_execution
    executenb(
  File "/Users/administrator/opt/anaconda3/lib/python3.9/site-packages/nbclient/client.py", line 1204, in execute
    return NotebookClient(nb=nb, resources=resources, km=km, **kwargs).execute()
  File "/Users/administrator/opt/anaconda3/lib/python3.9/site-packages/nbclient/util.py", line 84, in wrapped
    return just_run(coro(*args, **kwargs))
  File "/Users/administrator/opt/anaconda3/lib/python3.9/site-packages/nbclient/util.py", line 62, in just_run
    return loop.run_until_complete(coro)
  File "/Users/administrator/opt/anaconda3/lib/python3.9/asyncio/base_events.py", line 647, in run_until_complete
    return future.result()
  File "/Users/administrator/opt/anaconda3/lib/python3.9/site-packages/nbclient/client.py", line 663, in async_execute
    await self.async_execute_cell(
  File "/Users/administrator/opt/anaconda3/lib/python3.9/site-packages/nbclient/client.py", line 965, in async_execute_cell
    await self._check_raise_for_error(cell, cell_index, exec_reply)
  File "/Users/administrator/opt/anaconda3/lib/python3.9/site-packages/nbclient/client.py", line 862, in _check_raise_for_error
    raise CellExecutionError.from_cell_and_msg(cell, exec_reply_content)
nbclient.exceptions.CellExecutionError: An error occurred while executing the following cell:
------------------
# The Great Red Spot

Jupiter’s iconic Great Red Spot (GRS) is actually an enormous storm that is bigger than Earth that has raged for hundreds of years! {numref}`great-red-spot` below shows an image of Jupiter captured by the Hubble Space Telescope on June 27, 2019.

```{figure} https://solarsystem.nasa.gov/system/resources/detail_files/626_PIA21775.jpg
---
height: 300px
name: great-red-spot
---
Jupiter's Great Red Spot! Source: [NASA](https://solarsystem.nasa.gov/resources/626/jupiters-great-red-spot-in-true-color/?category=planets_jupiter).
```

Jupiter's GRS has been observed to be shrinking for about the last century and a half! [Here](https://github.com/UBC-DSCI/jupyterdays/tree/master/jupyterdays/sessions/beuzen/data) is some data of the length of the GRS spanning the last ~150 years which we can use to investigate this phenomenon.
------------------

[0;36m  Input [0;32mIn [1][0;36m[0m
[0;31m    Jupiter’s iconic Great Red Spot (GRS) is actually an enormous storm that is bigger than Earth that has raged for hundreds of years! {numref}`great-red-spot` below shows an image of Jupiter captured by the Hubble Space Telescope on June 27, 2019.[0m
[0m           ^[0m
[0;31mSyntaxError[0m[0;31m:[0m invalid character '’' (U+2019)

SyntaxError: invalid character '’' (U+2019) (1967115178.py, line 3)

